<?xml version="1.0" encoding="UTF-8"?>
<testsuite xmlns:xsi="http://www.w3.org/2001/XMLSchema-instance" xsi:noNamespaceSchemaLocation="https://maven.apache.org/surefire/maven-surefire-plugin/xsd/surefire-test-report-3.0.xsd" version="3.0" name="isel.sisinf.AppTest" time="0.019" tests="1" errors="0" skipped="0" failures="0">
  <properties>
    <property name="java.specification.version" value="17"/>
    <property name="sun.jnu.encoding" value="UTF-8"/>
    <property name="java.class.path" value="/home/margarida/code/margaridatoureiro/gocycle-project/app/target/test-classes:/home/margarida/code/margaridatoureiro/gocycle-project/app/target/classes:/home/margarida/.m2/repository/junit/junit/3.8.1/junit-3.8.1.jar:/home/margarida/code/margaridatoureiro/gocycle-project/dal/target/dal-1.0-SNAPSHOT.jar:/home/margarida/.m2/repository/org/eclipse/persistence/eclipselink/4.0.2/eclipselink-4.0.2.jar:/home/margarida/.m2/repository/jakarta/persistence/jakarta.persistence-api/3.1.0/jakarta.persistence-api-3.1.0.jar:/home/margarida/.m2/repository/jakarta/xml/bind/jakarta.xml.bind-api/4.0.0/jakarta.xml.bind-api-4.0.0.jar:/home/margarida/.m2/repository/com/sun/xml/bind/jaxb-xjc/4.0.3/jaxb-xjc-4.0.3.jar:/home/margarida/.m2/repository/com/sun/xml/bind/jaxb-core/4.0.3/jaxb-core-4.0.3.jar:/home/margarida/.m2/repository/org/eclipse/angus/angus-activation/2.0.1/angus-activation-2.0.1.jar:/home/margarida/.m2/repository/jakarta/activation/jakarta.activation-api/2.1.2/jakarta.activation-api-2.1.2.jar:/home/margarida/.m2/repository/org/postgresql/postgresql/42.7.3/postgresql-42.7.3.jar:/home/margarida/.m2/repository/org/checkerframework/checker-qual/3.42.0/checker-qual-3.42.0.jar:/home/margarida/code/margaridatoureiro/gocycle-project/model/target/model-1.0-SNAPSHOT.jar:"/>
    <property name="java.vm.vendor" value="Amazon.com Inc."/>
    <property name="sun.arch.data.model" value="64"/>
    <property name="java.vendor.url" value="https://aws.amazon.com/corretto/"/>
    <property name="os.name" value="Linux"/>
    <property name="java.vm.specification.version" value="17"/>
    <property name="sun.java.launcher" value="SUN_STANDARD"/>
    <property name="user.country" value="US"/>
    <property name="sun.boot.library.path" value="/home/margarida/Downloads/amazon-corretto-17-x64-linux-jdk/amazon-corretto-17.0.6.10.1-linux-x64/lib"/>
    <property name="sun.java.command" value="/home/margarida/code/margaridatoureiro/gocycle-project/app/target/surefire/surefirebooter-20240522191156878_9.jar /home/margarida/code/margaridatoureiro/gocycle-project/app/target/surefire 2024-05-22T19-11-55_993-jvmRun1 surefire-20240522191156878_7tmp surefire_2-20240522191156878_8tmp"/>
    <property name="jdk.debug" value="release"/>
    <property name="surefire.test.class.path" value="/home/margarida/code/margaridatoureiro/gocycle-project/app/target/test-classes:/home/margarida/code/margaridatoureiro/gocycle-project/app/target/classes:/home/margarida/.m2/repository/junit/junit/3.8.1/junit-3.8.1.jar:/home/margarida/code/margaridatoureiro/gocycle-project/dal/target/dal-1.0-SNAPSHOT.jar:/home/margarida/.m2/repository/org/eclipse/persistence/eclipselink/4.0.2/eclipselink-4.0.2.jar:/home/margarida/.m2/repository/jakarta/persistence/jakarta.persistence-api/3.1.0/jakarta.persistence-api-3.1.0.jar:/home/margarida/.m2/repository/jakarta/xml/bind/jakarta.xml.bind-api/4.0.0/jakarta.xml.bind-api-4.0.0.jar:/home/margarida/.m2/repository/com/sun/xml/bind/jaxb-xjc/4.0.3/jaxb-xjc-4.0.3.jar:/home/margarida/.m2/repository/com/sun/xml/bind/jaxb-core/4.0.3/jaxb-core-4.0.3.jar:/home/margarida/.m2/repository/org/eclipse/angus/angus-activation/2.0.1/angus-activation-2.0.1.jar:/home/margarida/.m2/repository/jakarta/activation/jakarta.activation-api/2.1.2/jakarta.activation-api-2.1.2.jar:/home/margarida/.m2/repository/org/postgresql/postgresql/42.7.3/postgresql-42.7.3.jar:/home/margarida/.m2/repository/org/checkerframework/checker-qual/3.42.0/checker-qual-3.42.0.jar:/home/margarida/code/margaridatoureiro/gocycle-project/model/target/model-1.0-SNAPSHOT.jar:"/>
    <property name="sun.cpu.endian" value="little"/>
    <property name="user.home" value="/home/margarida"/>
    <property name="user.language" value="en"/>
    <property name="java.specification.vendor" value="Oracle Corporation"/>
    <property name="java.version.date" value="2023-01-17"/>
    <property name="java.home" value="/home/margarida/Downloads/amazon-corretto-17-x64-linux-jdk/amazon-corretto-17.0.6.10.1-linux-x64"/>
    <property name="file.separator" value="/"/>
    <property name="basedir" value="/home/margarida/code/margaridatoureiro/gocycle-project/app"/>
    <property name="java.vm.compressedOopsMode" value="Zero based"/>
    <property name="line.separator" value="&#10;"/>
    <property name="java.vm.specification.vendor" value="Oracle Corporation"/>
    <property name="java.specification.name" value="Java Platform API Specification"/>
    <property name="surefire.real.class.path" value="/home/margarida/code/margaridatoureiro/gocycle-project/app/target/surefire/surefirebooter-20240522191156878_9.jar"/>
    <property name="sun.management.compiler" value="HotSpot 64-Bit Tiered Compilers"/>
    <property name="java.runtime.version" value="17.0.6+10-LTS"/>
    <property name="user.name" value="margarida"/>
    <property name="path.separator" value=":"/>
    <property name="os.version" value="6.8.0-31-generic"/>
    <property name="java.runtime.name" value="OpenJDK Runtime Environment"/>
    <property name="file.encoding" value="UTF-8"/>
    <property name="java.vm.name" value="OpenJDK 64-Bit Server VM"/>
    <property name="java.vendor.version" value="Corretto-17.0.6.10.1"/>
    <property name="localRepository" value="/home/margarida/.m2/repository"/>
    <property name="java.vendor.url.bug" value="https://github.com/corretto/corretto-17/issues/"/>
    <property name="java.io.tmpdir" value="/tmp"/>
    <property name="idea.version" value="2024.1.1"/>
    <property name="java.version" value="17.0.6"/>
    <property name="user.dir" value="/home/margarida/code/margaridatoureiro/gocycle-project/app"/>
    <property name="os.arch" value="amd64"/>
    <property name="java.vm.specification.name" value="Java Virtual Machine Specification"/>
    <property name="native.encoding" value="UTF-8"/>
    <property name="java.library.path" value="/usr/java/packages/lib:/usr/lib64:/lib64:/lib:/usr/lib"/>
    <property name="java.vm.info" value="mixed mode, sharing"/>
    <property name="java.vendor" value="Amazon.com Inc."/>
    <property name="java.vm.version" value="17.0.6+10-LTS"/>
    <property name="sun.io.unicode.encoding" value="UnicodeLittle"/>
    <property name="java.class.version" value="61.0"/>
  </properties>
  <testcase name="testApp" classname="isel.sisinf.AppTest" time="0.001"/>
</testsuite>